Case #1:
10000000000000000000000000000001 3 2 5 7 49 73 127 337 511
10100000000000000000000000000001 7 13 3 49 73 127 337 511 889
11100000000000000000000000000001 3 2 5 7 49 73 127 337 511
10010000000000000000000000000001 5 29 3 7 49 73 127 337 511
10110000000000000000000000000001 3 2 5 7 49 73 127 337 511
11110000000000000000000000000001 241 7 43 49 73 127 337 511 889
11001000000000000000000000000001 3 2 5 7 49 73 127 337 511
10101000000000000000000000000001 13 2 47 7 49 73 127 337 511
10011000000000000000000000000001 3 2 5 7 49 73 127 337 511
11011000000000000000000000000001 7 5 31477 49 73 127 337 511 889
10111000000000000000000000000001 5 11 31 7 49 73 127 337 511
11111000000000000000000000000001 3 2 5 7 49 73 127 337 511
10000100000000000000000000000001 7 13 3 49 73 127 337 511 889
11000100000000000000000000000001 37 2 547 7 49 73 127 337 511
10100100000000000000000000000001 3 2 5 7 49 73 127 337 511
11100100000000000000000000000001 41 7725709 19 7 49 73 127 337 511
11010100000000000000000000000001 3 23531 191 7 49 73 127 337 511
11110100000000000000000000000001 5 2 3 7 49 73 127 337 511
10001100000000000000000000000001 3 2 5 7 49 73 127 337 511
11101100000000000000000000000001 3 2 5 7 49 73 127 337 511
10011100000000000000000000000001 11 5 47 7 49 73 127 337 511
11011100000000000000000000000001 13 2 3 7 49 73 127 337 511
10111100000000000000000000000001 3 2 5 7 49 73 127 337 511
10000010000000000000000000000001 103 7 3 49 73 127 337 511 889
11000010000000000000000000000001 3 2 5 7 49 73 127 337 511
11100010000000000000000000000001 701 19 393331 7 49 73 127 337 511
10010010000000000000000000000001 3 2 5 7 49 73 127 337 511
11010010000000000000000000000001 113 11 7 49 73 127 337 511 889
11110010000000000000000000000001 3 2 5 7 49 73 127 337 511
10001010000000000000000000000001 73 2 11 7 49 127 337 511 889
11101010000000000000000000000001 5 2 3 7 49 73 127 337 511
10011010000000000000000000000001 5 89 7 49 73 127 337 511 889
11011010000000000000000000000001 3 2 5 7 49 73 127 337 511
10111010000000000000000000000001 17 2 3 7 49 73 127 337 511
10000110000000000000000000000001 3 2 5 7 49 73 127 337 511
11000110000000000000000000000001 19 937 11 7 49 73 127 337 511
10100110000000000000000000000001 353 7 16755803 49 73 127 337 511 889
11100110000000000000000000000001 3 2 5 7 49 73 127 337 511
10010110000000000000000000000001 59 337 5804087 7 49 73 127 511 889
11010110000000000000000000000001 5 2 3 7 49 73 127 337 511
10110110000000000000000000000001 3 2 5 7 49 73 127 337 511
10001110000000000000000000000001 13 373 113 7 49 73 127 337 511
11001110000000000000000000000001 3 2 5 7 49 73 127 337 511
10101110000000000000000000000001 5 2 3 7 49 73 127 337 511
11101110000000000000000000000001 127 7 43 49 73 337 511 889 2359
10011110000000000000000000000001 3 2 5 7 49 73 127 337 511
10111110000000000000000000000001 45139 1213 73 7 49 127 337 511 889
11111110000000000000000000000001 3 2 5 7 49 73 127 337 511
10100001000000000000000000000001 3 2 5 7 49 73 127 337 511
11010001000000000000000000000001 3 239 503 7 49 73 127 337 511
10110001000000000000000000000001 67 7 216751 49 73 127 337 511 889
11110001000000000000000000000001 829 2 3 7 49 73 127 337 511
10001001000000000000000000000001 3 2 5 7 49 73 127 337 511
11001001000000000000000000000001 23 5 41 7 49 73 127 337 511
10101001000000000000000000000001 5 859 19 7 49 73 127 337 511
11101001000000000000000000000001 3 2 5 7 49 73 127 337 511
10011001000000000000000000000001 7 11 31 49 73 127 337 511 889
11011001000000000000000000000001 19 2 3 7 49 73 127 337 511
10111001000000000000000000000001 3 2 5 7 49 73 127 337 511
10000101000000000000000000000001 1531 2 397 7 49 73 127 337 511
11000101000000000000000000000001 3 23 571 7 49 73 127 337 511
10100101000000000000000000000001 3209 19 47 7 49 73 127 337 511
11100101000000000000000000000001 5 2 3 7 49 73 127 337 511
10010101000000000000000000000001 3 31 786155509 7 49 73 127 337 511
11010101000000000000000000000001 1579 2 3 7 49 73 127 337 511
10110101000000000000000000000001 7 2 3 49 73 127 337 511 889
10001101000000000000000000000001 19 5 4013 7 49 73 127 337 511
11001101000000000000000000000001 283 2 3 7 49 73 127 337 511
10101101000000000000000000000001 3 2 5 7 49 73 127 337 511
11101101000000000000000000000001 7 29 61 49 73 127 337 511 889
11011101000000000000000000000001 3 5 7 49 73 127 337 511 889
11111101000000000000000000000001 251 2 7103 7 49 73 127 337 511
10000011000000000000000000000001 3 2 5 7 49 73 127 337 511
11000011000000000000000000000001 7 14697373 167 49 73 127 337 511 889
10100011000000000000000000000001 53 5 23431 7 49 73 127 337 511
11100011000000000000000000000001 3 2 5 7 49 73 127 337 511
10010011000000000000000000000001 48091 397 7 49 73 127 337 511 889
11010011000000000000000000000001 11 2 3 7 49 73 127 337 511
10110011000000000000000000000001 3 2 5 7 49 73 127 337 511
10001011000000000000000000000001 5 7 9923 49 73 127 337 511 889
11001011000000000000000000000001 3 2 5 7 49 73 127 337 511
10011011000000000000000000000001 3 2 5 7 49 73 127 337 511
11011011000000000000000000000001 5 13 353 7 49 73 127 337 511
10111011000000000000000000000001 29 2699 2192831 7 49 73 127 337 511
11111011000000000000000000000001 3 2 5 7 49 73 127 337 511
10000111000000000000000000000001 17 3041 13 7 49 73 127 337 511
11000111000000000000000000000001 5 2 3 7 49 73 127 337 511
10100111000000000000000000000001 3 2 5 7 49 73 127 337 511
11100111000000000000000000000001 107 37 3090449 7 49 73 127 337 511
11010111000000000000000000000001 3 17 97 7 49 73 127 337 511
11110111000000000000000000000001 23 2 8971 7 49 73 127 337 511
10001111000000000000000000000001 3 2 5 7 49 73 127 337 511
11001111000000000000000000000001 13 11 7 49 73 127 337 511 889
11101111000000000000000000000001 3 2 5 7 49 73 127 337 511
10011111000000000000000000000001 5 769 19259 7 49 73 127 337 511
11011111000000000000000000000001 7 2 37 49 73 127 337 511 889
10111111000000000000000000000001 3 2 5 7 49 73 127 337 511
10000000100000000000000000000001 7 5 3 49 73 127 337 511 889
11000000100000000000000000000001 3 2 5 7 49 73 127 337 511
10100000100000000000000000000001 17 2 229 7 49 73 127 337 511
11100000100000000000000000000001 1607 59 13 7 49 73 127 337 511
10010000100000000000000000000001 3 2 5 7 49 73 127 337 511
11010000100000000000000000000001 193 5 19 7 49 73 127 337 511
10110000100000000000000000000001 5 17 43 7 49 73 127 337 511
11110000100000000000000000000001 3 2 5 7 49 73 127 337 511
10001000100000000000000000000001 5 2 89 7 49 73 127 337 511
11001000100000000000000000000001 13 73 29 7 49 127 337 511 889
10101000100000000000000000000001 3 5 11 7 49 73 127 337 511
11101000100000000000000000000001 6863 2 3 7 49 73 127 337 511
11011000100000000000000000000001 3 2 5 7 49 73 127 337 511
10111000100000000000000000000001 7 2 3 49 73 127 337 511 889
11111000100000000000000000000001 41 5 7393 7 49 73 127 337 511
10000100100000000000000000000001 3 2 5 7 49 73 127 337 511
11000100100000000000000000000001 5 29 59 7 49 73 127 337 511
10100100100000000000000000000001 1291 30347 3693953 7 49 73 127 337 511
11100100100000000000000000000001 3 2 5 7 49 73 127 337 511
10010100100000000000000000000001 13 5 23 7 49 73 127 337 511
11010100100000000000000000000001 7 2 3 49 73 127 337 511 889
10110100100000000000000000000001 3 2 5 7 49 73 127 337 511
11110100100000000000000000000001 89 7 1523 49 73 127 337 511 889
11001100100000000000000000000001 3 2 5 7 49 73 127 337 511
10101100100000000000000000000001 11 2 3 7 49 73 127 337 511
11101100100000000000000000000001 5 61 67 7 49 73 127 337 511
10011100100000000000000000000001 3 2 5 7 49 73 127 337 511
11011100100000000000000000000001 43 23 11 7 49 73 127 337 511
10111100100000000000000000000001 19 5 383 7 49 73 127 337 511
11111100100000000000000000000001 3 2 5 7 49 73 127 337 511
10000010100000000000000000000001 347 2 11149 7 49 73 127 337 511
11000010100000000000000000000001 11 17 43717 7 49 73 127 337 511
10100010100000000000000000000001 3 1590917 29 7 49 73 127 337 511
11100010100000000000000000000001 5 2 3 7 49 73 127 337 511
10010010100000000000000000000001 5 47 21061 7 49 73 127 337 511
11010010100000000000000000000001 3 2 5 7 49 73 127 337 511
10001010100000000000000000000001 3 5 73 7 49 127 337 511 889
11001010100000000000000000000001 503 2 3 7 49 73 127 337 511
10101010100000000000000000000001 7 2 3 49 73 127 337 511 889
11101010100000000000000000000001 3 1193 19 7 49 73 127 337 511
10011010100000000000000000000001 199 2 3 7 49 73 127 337 511
11111010100000000000000000000001 1523 2 11 7 49 73 127 337 511
10000110100000000000000000000001 43 7 19 49 73 127 337 511 889
11000110100000000000000000000001 3 2 5 7 49 73 127 337 511
10100110100000000000000000000001 5 2 3 7 49 73 127 337 511
11100110100000000000000000000001 29 23 619 7 49 73 127 337 511
10010110100000000000000000000001 3 2 5 7 49 73 127 337 511
11010110100000000000000000000001 37 941 14643037 7 49 73 127 337 511
11110110100000000000000000000001 3 2 5 7 49 73 127 337 511
10001110100000000000000000000001 7 2 3 49 73 127 337 511 889
11001110100000000000000000000001 5 7 113 49 73 127 337 511 889
10101110100000000000000000000001 3 151 43 7 49 73 127 337 511
11101110100000000000000000000001 11 2 29 7 49 73 127 337 511
10011110100000000000000000000001 179 5 11 7 49 73 127 337 511
11011110100000000000000000000001 3 2 5 7 49 73 127 337 511
10111110100000000000000000000001 47743 2 179 7 49 73 127 337 511
11111110100000000000000000000001 7 13 3 49 73 127 337 511 889
10000001100000000000000000000001 3 2 5 7 49 73 127 337 511
11100001100000000000000000000001 3 2 5 7 49 73 127 337 511
10010001100000000000000000000001 6793 7 1489 49 73 127 337 511 889
11010001100000000000000000000001 109 2 3 7 49 73 127 337 511
10110001100000000000000000000001 3 2 5 7 49 73 127 337 511
11110001100000000000000000000001 5 157 43633 7 49 73 127 337 511
10001001100000000000000000000001 31 11 23 7 49 73 127 337 511
11001001100000000000000000000001 3 2 5 7 49 73 127 337 511
10101001100000000000000000000001 19 2 3 7 49 73 127 337 511
11101001100000000000000000000001 7 5 13 49 73 127 337 511 889
10011001100000000000000000000001 3 2 5 7 49 73 127 337 511
11011001100000000000000000000001 30697 7 41 49 73 127 337 511 889
11111001100000000000000000000001 3 2 5 7 49 73 127 337 511
10000101100000000000000000000001 137 5 499 7 49 73 127 337 511
10100101100000000000000000000001 3 2 5 7 49 73 127 337 511
11100101100000000000000000000001 13591 71 89 7 49 73 127 337 511
10010101100000000000000000000001 7 2 3 49 73 127 337 511 889
11010101100000000000000000000001 3 5 83 7 49 73 127 337 511
10110101100000000000000000000001 5 7 11 49 73 127 337 511 889
11110101100000000000000000000001 17 2 13 7 49 73 127 337 511
10001101100000000000000000000001 3 2 5 7 49 73 127 337 511
11001101100000000000000000000001 7 17 53 49 73 127 337 511 889
11101101100000000000000000000001 3 2 5 7 49 73 127 337 511
10011101100000000000000000000001 14419 1301 229 7 49 73 127 337 511
10111101100000000000000000000001 3 2 5 7 49 73 127 337 511
10000011100000000000000000000001 5 1061 4339 7 49 73 127 337 511
11000011100000000000000000000001 3 2 5 7 49 73 127 337 511
10100011100000000000000000000001 7 2 3 49 73 127 337 511 889
10010011100000000000000000000001 3 2 5 7 49 73 127 337 511
11010011100000000000000000000001 5 31 2897 7 49 73 127 337 511
10110011100000000000000000000001 59 7691 13 7 49 73 127 337 511
11110011100000000000000000000001 3 2 5 7 49 73 127 337 511
10001011100000000000000000000001 11 2 3 7 49 73 127 337 511
10101011100000000000000000000001 3 29 557 7 49 73 127 337 511
11101011100000000000000000000001 23 2 337 7 49 73 127 511 889
10011011100000000000000000000001 61 157 269 7 49 73 127 337 511
11011011100000000000000000000001 3 2 5 7 49 73 127 337 511
10111011100000000000000000000001 13 2 224299 7 49 73 127 337 511
11111011100000000000000000000001 5 11 3 7 49 73 127 337 511
10000111100000000000000000000001 3 2 5 7 49 73 127 337 511
11100111100000000000000000000001 3 2 5 7 49 73 127 337 511
10010111100000000000000000000001 5 11 47 7 49 73 127 337 511
10110111100000000000000000000001 3 2 5 7 49 73 127 337 511
11110111100000000000000000000001 7 13 3 49 73 127 337 511 889
10001111100000000000000000000001 17 5 843331 7 49 73 127 337 511
11001111100000000000000000000001 3 2 5 7 49 73 127 337 511
10101111100000000000000000000001 419 2 659 7 49 73 127 337 511
10011111100000000000000000000001 3 2 5 7 49 73 127 337 511
10111111100000000000000000000001 5 13 3 7 49 73 127 337 511
11111111100000000000000000000001 3 2 5 7 49 73 127 337 511
11000000010000000000000000000001 1559 2 11 7 49 73 127 337 511
10100000010000000000000000000001 3 2 5 7 49 73 127 337 511
11100000010000000000000000000001 17 7 191 49 73 127 337 511 889
10010000010000000000000000000001 7 2 3617 49 73 127 337 511 889
11010000010000000000000000000001 3 157 7 49 73 127 337 511 889
10110000010000000000000000000001 31 11 341 7 49 73 127 337 511
11110000010000000000000000000001 5 2 3 7 49 73 127 337 511
10001000010000000000000000000001 3 2 5 7 49 73 127 337 511
11001000010000000000000000000001 5 349477 199 7 49 73 127 337 511
10101000010000000000000000000001 37 31 29 7 49 73 127 337 511
11101000010000000000000000000001 3 2 5 7 49 73 127 337 511
10011000010000000000000000000001 47 5 7 49 73 127 337 511 889
10111000010000000000000000000001 3 2 5 7 49 73 127 337 511
11111000010000000000000000000001 20107 89 23 7 49 73 127 337 511
10000100010000000000000000000001 13 2 727 7 49 73 127 337 511
11000100010000000000000000000001 3 5 991 7 49 73 127 337 511
11100100010000000000000000000001 7 2 3 49 73 127 337 511 889
10010100010000000000000000000001 3 7 13 49 73 127 337 511 889
11010100010000000000000000000001 19 2 3 7 49 73 127 337 511
10110100010000000000000000000001 5 2 3 7 49 73 127 337 511
11001100010000000000000000000001 107 2 3 7 49 73 127 337 511
10101100010000000000000000000001 3 2 5 7 49 73 127 337 511
11101100010000000000000000000001 13 5 59 7 49 73 127 337 511
10011100010000000000000000000001 17 2 3 7 49 73 127 337 511
11011100010000000000000000000001 3 7 13 49 73 127 337 511 889
11111100010000000000000000000001 11 2 47 7 49 73 127 337 511
10000010010000000000000000000001 3 2 5 7 49 73 127 337 511
11000010010000000000000000000001 29 41 7 49 73 127 337 511 889
11100010010000000000000000000001 3 2 5 7 49 73 127 337 511
11010010010000000000000000000001 5 2 3 7 49 73 127 337 511
10110010010000000000000000000001 3 2 5 7 49 73 127 337 511
11110010010000000000000000000001 7 49 29 73 127 337 511 889 2359
11001010010000000000000000000001 3 2 5 7 49 73 127 337 511
10101010010000000000000000000001 5 2 3 7 49 73 127 337 511
11101010010000000000000000000001 79 2819 541 7 49 73 127 337 511
10011010010000000000000000000001 3 2 5 7 49 73 127 337 511
11011010010000000000000000000001 23 173 1993 7 49 73 127 337 511
11111010010000000000000000000001 3 2 5 7 49 73 127 337 511
10000110010000000000000000000001 283 89 53 7 49 73 127 337 511
11000110010000000000000000000001 2621 2 3 7 49 73 127 337 511
10100110010000000000000000000001 3 2 5 7 49 73 127 337 511
11100110010000000000000000000001 5 11 2053 7 49 73 127 337 511
10010110010000000000000000000001 5 2 3 7 49 73 127 337 511
11010110010000000000000000000001 3 29 181 7 49 73 127 337 511
10110110010000000000000000000001 109 8325131 7 49 73 127 337 511 889
11110110010000000000000000000001 47 2 19 7 49 73 127 337 511
10001110010000000000000000000001 3 2 5 7 49 73 127 337 511
11001110010000000000000000000001 71 5 19 7 49 73 127 337 511
10101110010000000000000000000001 19 97 113 7 49 73 127 337 511
11101110010000000000000000000001 3 2 5 7 49 73 127 337 511
10011110010000000000000000000001 7 59 61 49 73 127 337 511 889
11011110010000000000000000000001 89 2 7 49 73 127 337 511 889
10111110010000000000000000000001 3 2 5 7 49 73 127 337 511
11111110010000000000000000000001 353 131 3 7 49 73 127 337 511
11000001010000000000000000000001 3 19 37 7 49 73 127 337 511
11100001010000000000000000000001 5 2 3 7 49 73 127 337 511
10010001010000000000000000000001 3 11 7 49 73 127 337 511 889
10110001010000000000000000000001 823 2 3 7 49 73 127 337 511
11110001010000000000000000000001 3 29 19 7 49 73 127 337 511
10001001010000000000000000000001 7 5 163 49 73 127 337 511 889
11001001010000000000000000000001 61 2 3 7 49 73 127 337 511
10101001010000000000000000000001 3 2 5 7 49 73 127 337 511
11101001010000000000000000000001 2029 7 11 49 73 127 337 511 889
10011001010000000000000000000001 11 2 3 7 49 73 127 337 511
11011001010000000000000000000001 3 5 15149 7 49 73 127 337 511
10111001010000000000000000000001 5 113 53 7 49 73 127 337 511
11111001010000000000000000000001 7 2 389 49 73 127 337 511 889
10000101010000000000000000000001 3 29 13337 7 49 73 127 337 511
11000101010000000000000000000001 11 2 3 7 49 73 127 337 511
10100101010000000000000000000001 5 2 3 7 49 73 127 337 511
10010101010000000000000000000001 23 2 3 7 49 73 127 337 511
10110101010000000000000000000001 3 43 227387 7 49 73 127 337 511
11110101010000000000000000000001 5 2 17 7 49 73 127 337 511
11001101010000000000000000000001 3 31 7 49 73 127 337 511 889
11101101010000000000000000000001 1129 2 73 7 49 127 337 511 889
10011101010000000000000000000001 3 5 13 7 49 73 127 337 511
11011101010000000000000000000001 7 2 59 49 73 127 337 511 889
10000011010000000000000000000001 11 71 7 49 73 127 337 511 889
11000011010000000000000000000001 5 2 3 7 49 73 127 337 511
10100011010000000000000000000001 3 2 5 7 49 73 127 337 511
11100011010000000000000000000001 67 907 77137 7 49 73 127 337 511
11010011010000000000000000000001 3 41 5564003 7 49 73 127 337 511
10110011010000000000000000000001 7 5 37 49 73 127 337 511 889
11110011010000000000000000000001 83 2 7 49 73 127 337 511 889
10001011010000000000000000000001 3 2 5 7 49 73 127 337 511
11001011010000000000000000000001 179 13 191 7 49 73 127 337 511
10101011010000000000000000000001 13 19 11 7 49 73 127 337 511
11101011010000000000000000000001 3 2 5 7 49 73 127 337 511
10011011010000000000000000000001 5 5336563 1009 7 49 73 127 337 511
11011011010000000000000000000001 11 2 585443 7 49 73 127 337 511
10111011010000000000000000000001 3 2 5 7 49 73 127 337 511
11111011010000000000000000000001 379 7 3 49 73 127 337 511 889
10000111010000000000000000000001 5 2 3 7 49 73 127 337 511
11000111010000000000000000000001 3 11 419 7 49 73 127 337 511
11100111010000000000000000000001 19 2 11 7 49 73 127 337 511
10010111010000000000000000000001 3 409 877 7 49 73 127 337 511
11010111010000000000000000000001 5 2 7 49 73 127 337 511 889
11110111010000000000000000000001 3 23 67 7 49 73 127 337 511
11001111010000000000000000000001 7 2 27505433 49 73 127 337 511 889
10101111010000000000000000000001 3 2 5 7 49 73 127 337 511
11011111010000000000000000000001 3 43 11 7 49 73 127 337 511
11111111010000000000000000000001 5 2 17 7 49 73 127 337 511
10000000110000000000000000000001 3 2 5 7 49 73 127 337 511
10100000110000000000000000000001 23 11 31 7 49 73 127 337 511
11100000110000000000000000000001 3 2 5 7 49 73 127 337 511
10010000110000000000000000000001 1877 5 43 7 49 73 127 337 511
11010000110000000000000000000001 29 2 3 7 49 73 127 337 511
10110000110000000000000000000001 3 2 5 7 49 73 127 337 511
11110000110000000000000000000001 19 17 71 7 49 73 127 337 511
10001000110000000000000000000001 11 5443 173 7 49 73 127 337 511
11001000110000000000000000000001 3 2 5 7 49 73 127 337 511
10101000110000000000000000000001 7 2 3 49 73 127 337 511 889
10011000110000000000000000000001 3 2 5 7 49 73 127 337 511
11011000110000000000000000000001 13 11 73 7 49 127 337 511 889
10111000110000000000000000000001 173 5 19 7 49 73 127 337 511
11111000110000000000000000000001 3 2 5 7 49 73 127 337 511
11000100110000000000000000000001 7 2 3 49 73 127 337 511 889
10100100110000000000000000000001 3 2 5 7 49 73 127 337 511
10010100110000000000000000000001 4517 2 3 7 49 73 127 337 511
11010100110000000000000000000001 3 53 11 7 49 73 127 337 511
10110100110000000000000000000001 11 127 107 7 49 73 337 511 889
10001100110000000000000000000001 3 2 5 7 49 73 127 337 511
10101100110000000000000000000001 5 1726103 313 7 49 73 127 337 511
11101100110000000000000000000001 3 2 5 7 49 73 127 337 511
11011100110000000000000000000001 163 2 53 7 49 73 127 337 511
10111100110000000000000000000001 3 2 5 7 49 73 127 337 511
11111100110000000000000000000001 5 13 3 7 49 73 127 337 511
10000010110000000000000000000001 17 4251703 103 7 49 73 127 337 511
11000010110000000000000000000001 3 2 5 7 49 73 127 337 511
10100010110000000000000000000001 5 2 3 7 49 73 127 337 511
11100010110000000000000000000001 23431 769 13 7 49 73 127 337 511
10010010110000000000000000000001 3 2 5 7 49 73 127 337 511
11010010110000000000000000000001 7 6111527 1931 49 73 127 337 511 889
11110010110000000000000000000001 3 2 5 7 49 73 127 337 511
10001010110000000000000000000001 13 2 3 7 49 73 127 337 511
11001010110000000000000000000001 5 23 211 7 49 73 127 337 511
10101010110000000000000000000001 3 83 67 7 49 73 127 337 511
10011010110000000000000000000001 7 5 634273 49 73 127 337 511 889
11011010110000000000000000000001 3 2 5 7 49 73 127 337 511
10111010110000000000000000000001 37 2 94988251 7 49 73 127 337 511
10000110110000000000000000000001 3 2 5 7 49 73 127 337 511
11000110110000000000000000000001 17 5 283 7 49 73 127 337 511
11100110110000000000000000000001 3 2 5 7 49 73 127 337 511
10010110110000000000000000000001 29 1213 7 49 73 127 337 511 889
10110110110000000000000000000001 3 2 5 7 49 73 127 337 511
11110110110000000000000000000001 11 7 3 49 73 127 337 511 889
10001110110000000000000000000001 5 37 43 7 49 73 127 337 511
11001110110000000000000000000001 3 2 5 7 49 73 127 337 511
10101110110000000000000000000001 239 2 256834639 7 49 73 127 337 511
11101110110000000000000000000001 7 5 3 49 73 127 337 511 889
10011110110000000000000000000001 3 2 5 7 49 73 127 337 511
11011110110000000000000000000001 5 17 3 7 49 73 127 337 511
10111110110000000000000000000001 13 2089 3 7 49 73 127 337 511
11111110110000000000000000000001 3 2 5 7 49 73 127 337 511
10000001110000000000000000000001 31 5 11 7 49 73 127 337 511
11000001110000000000000000000001 67 2 3 7 49 73 127 337 511
10100001110000000000000000000001 3 2 5 7 49 73 127 337 511
11100001110000000000000000000001 3659 880027 53 7 49 73 127 337 511
10010001110000000000000000000001 19 2 3 7 49 73 127 337 511
11010001110000000000000000000001 3 5 23 7 49 73 127 337 511
11110001110000000000000000000001 71 2 2215159 7 49 73 127 337 511
10001001110000000000000000000001 3 2 5 7 49 73 127 337 511
11001001110000000000000000000001 83 7 151 49 73 127 337 511 889
11101001110000000000000000000001 3 2 5 7 49 73 127 337 511
10011001110000000000000000000001 22037 19 47 7 49 73 127 337 511
11011001110000000000000000000001 5 2 181 7 49 73 127 337 511
10111001110000000000000000000001 3 2 5 7 49 73 127 337 511
11111001110000000000000000000001 17 5 3 7 49 73 127 337 511
10000101110000000000000000000001 7 2 3 49 73 127 337 511 889
11000101110000000000000000000001 3 439 1471 7 49 73 127 337 511
11100101110000000000000000000001 13 2 41 7 49 73 127 337 511
10010101110000000000000000000001 3 5 509 7 49 73 127 337 511
10110101110000000000000000000001 17 2 421 7 49 73 127 337 511
11110101110000000000000000000001 3 13 7 49 73 127 337 511 889
10101101110000000000000000000001 3 2 5 7 49 73 127 337 511
11101101110000000000000000000001 5 7 3 49 73 127 337 511 889
10011101110000000000000000000001 5 2 19 7 49 73 127 337 511
11011101110000000000000000000001 3 3504689 103 7 49 73 127 337 511
10111101110000000000000000000001 7 5 3 49 73 127 337 511 889
11111101110000000000000000000001 31 2 11 7 49 73 127 337 511
10000011110000000000000000000001 3 2 5 7 49 73 127 337 511
11100011110000000000000000000001 3 2 5 7 49 73 127 337 511
10010011110000000000000000000001 5 7 19 49 73 127 337 511 889
10110011110000000000000000000001 3 2 5 7 49 73 127 337 511
11110011110000000000000000000001 149 11 3 7 49 73 127 337 511
11001011110000000000000000000001 3 2 5 7 49 73 127 337 511
10101011110000000000000000000001 18587 2 53 7 49 73 127 337 511
11101011110000000000000000000001 11 47 3 7 49 73 127 337 511
10011011110000000000000000000001 3 2 5 7 49 73 127 337 511
10111011110000000000000000000001 5 14519 3 7 49 73 127 337 511
11111011110000000000000000000001 3 2 5 7 49 73 127 337 511
10000111110000000000000000000001 41 457 331 7 49 73 127 337 511
11000111110000000000000000000001 227 2 191 7 49 73 127 337 511
10100111110000000000000000000001 3 2 5 7 49 73 127 337 511
11100111110000000000000000000001 7 13 3 49 73 127 337 511 889
10010111110000000000000000000001 13 2 1655947 7 49 73 127 337 511
11010111110000000000000000000001 3 4598921 1049 7 49 73 127 337 511
10110111110000000000000000000001 19 7 3 49 73 127 337 511 889
11110111110000000000000000000001 5 2 13 7 49 73 127 337 511
10001111110000000000000000000001 3 2 5 7 49 73 127 337 511
11001111110000000000000000000001 5 199 3 7 49 73 127 337 511
10101111110000000000000000000001 7 13 3 49 73 127 337 511 889
11101111110000000000000000000001 3 2 5 7 49 73 127 337 511
11011111110000000000000000000001 37 2 3301 7 49 73 127 337 511
10111111110000000000000000000001 3 2 5 7 49 73 127 337 511
11111111110000000000000000000001 13 7 28163 49 73 127 337 511 889
10000000001000000000000000000001 34631 241 3 7 49 73 127 337 511
11000000001000000000000000000001 3 2 5 7 49 73 127 337 511
11100000001000000000000000000001 19 41 43 7 49 73 127 337 511
10010000001000000000000000000001 3 2 5 7 49 73 127 337 511
11010000001000000000000000000001 7 211 37 49 73 127 337 511 889
10110000001000000000000000000001 13 5 91924099 7 49 73 127 337 511
11110000001000000000000000000001 3 2 5 7 49 73 127 337 511
10001000001000000000000000000001 179 2 7 49 73 127 337 511 889
10101000001000000000000000000001 3 7 13 49 73 127 337 511 889
11101000001000000000000000000001 5 2 3 7 49 73 127 337 511
10011000001000000000000000000001 5 19 29 7 49 73 127 337 511
11011000001000000000000000000001 3 2 5 7 49 73 127 337 511
10111000001000000000000000000001 101 2 3 7 49 73 127 337 511
11111000001000000000000000000001 11 47 7 49 73 127 337 511 889
10000100001000000000000000000001 3 2 5 7 49 73 127 337 511
11000100001000000000000000000001 53 11 967 7 49 73 127 337 511
10100100001000000000000000000001 107 101 19 7 49 73 127 337 511
11100100001000000000000000000001 3 2 5 7 49 73 127 337 511
10010100001000000000000000000001 19 491 11 7 49 73 127 337 511
11010100001000000000000000000001 5 2 3 7 49 73 127 337 511
10110100001000000000000000000001 3 2 5 7 49 73 127 337 511
11110100001000000000000000000001 23 6441131 311 7 49 73 127 337 511
11001100001000000000000000000001 3 2 5 7 49 73 127 337 511
10101100001000000000000000000001 5 2 3 7 49 73 127 337 511
10011100001000000000000000000001 3 2 5 7 49 73 127 337 511
10111100001000000000000000000001 17 546289 2551 7 49 73 127 337 511
11111100001000000000000000000001 3 2 5 7 49 73 127 337 511
11000010001000000000000000000001 7 217397 11 49 73 127 337 511 889
10100010001000000000000000000001 3 71 23 7 49 73 127 337 511
11100010001000000000000000000001 11 2 3 7 49 73 127 337 511
11010010001000000000000000000001 3 2 5 7 49 73 127 337 511
10110010001000000000000000000001 34649 2 3 7 49 73 127 337 511
11110010001000000000000000000001 5 32993 35022797 7 49 73 127 337 511
10001010001000000000000000000001 3 167 1229 7 49 73 127 337 511
11001010001000000000000000000001 5 2 3 7 49 73 127 337 511
11101010001000000000000000000001 3 11 7 49 73 127 337 511 889
10011010001000000000000000000001 17 2 3 7 49 73 127 337 511
11011010001000000000000000000001 4337 13 709 7 49 73 127 337 511
10111010001000000000000000000001 3 5 13 7 49 73 127 337 511
11111010001000000000000000000001 7 2 23 49 73 127 337 511 889
11000110001000000000000000000001 3 2 5 7 49 73 127 337 511
10100110001000000000000000000001 7 2 3 49 73 127 337 511 889
11100110001000000000000000000001 233 5 71 7 49 73 127 337 511
10010110001000000000000000000001 3 2 5 7 49 73 127 337 511
11010110001000000000000000000001 1301 1956323 211 7 49 73 127 337 511
10110110001000000000000000000001 5 19 587 7 49 73 127 337 511
11110110001000000000000000000001 3 2 5 7 49 73 127 337 511
10001110001000000000000000000001 5 2 3 7 49 73 127 337 511
11001110001000000000000000000001 307 64301 7 49 73 127 337 511 889
10101110001000000000000000000001 3 379 11 7 49 73 127 337 511
11101110001000000000000000000001 443 2 101 7 49 73 127 337 511
10011110001000000000000000000001 47 1453 113 7 49 73 127 337 511
11011110001000000000000000000001 3 2 5 7 49 73 127 337 511
10111110001000000000000000000001 953 2 29 7 49 73 127 337 511
11111110001000000000000000000001 13 464843 3 7 49 73 127 337 511
10000001001000000000000000000001 3 2 5 7 49 73 127 337 511
10100001001000000000000000000001 10753 5 1489 7 49 73 127 337 511
11100001001000000000000000000001 3 2 5 7 49 73 127 337 511
10010001001000000000000000000001 7 61 3187 49 73 127 337 511 889
10110001001000000000000000000001 3 2 5 7 49 73 127 337 511
11110001001000000000000000000001 13 5 7 49 73 127 337 511 889
10001001001000000000000000000001 5 149 47 7 49 73 127 337 511
11001001001000000000000000000001 3 2 5 7 49 73 127 337 511
10101001001000000000000000000001 16567 2 3 7 49 73 127 337 511
11101001001000000000000000000001 41 53 293 7 49 73 127 337 511
10011001001000000000000000000001 3 2 5 7 49 73 127 337 511
11011001001000000000000000000001 5 18443 22273 7 49 73 127 337 511
10111001001000000000000000000001 431 17 7 49 73 127 337 511 889
11111001001000000000000000000001 3 2 5 7 49 73 127 337 511
11000101001000000000000000000001 5 2 3 7 49 73 127 337 511
10100101001000000000000000000001 3 2 5 7 49 73 127 337 511
11100101001000000000000000000001 7 19 4690667 49 73 127 337 511 889
10010101001000000000000000000001 11 2 3 7 49 73 127 337 511
11010101001000000000000000000001 3 6043 7 49 73 127 337 511 889
10110101001000000000000000000001 167 5 31 7 49 73 127 337 511
10001101001000000000000000000001 3 2 5 7 49 73 127 337 511
10101101001000000000000000000001 7 85333 83 49 73 127 337 511 889
11101101001000000000000000000001 3 2 5 7 49 73 127 337 511
10011101001000000000000000000001 5 829 7 49 73 127 337 511 889
10111101001000000000000000000001 3 2 5 7 49 73 127 337 511
11111101001000000000000000000001 433 11 3 7 49 73 127 337 511
10000011001000000000000000000001 7 5 1217 49 73 127 337 511 889
11000011001000000000000000000001 3 2 5 7 49 73 127 337 511
10100011001000000000000000000001 13 2 3 7 49 73 127 337 511
11100011001000000000000000000001 5 7753 7 49 73 127 337 511 889
10010011001000000000000000000001 3 2 5 7 49 73 127 337 511
11010011001000000000000000000001 31 5 27851 7 49 73 127 337 511
11110011001000000000000000000001 3 2 5 7 49 73 127 337 511
10001011001000000000000000000001 5323 2 3 7 49 73 127 337 511
10101011001000000000000000000001 3 5 7 49 73 127 337 511 889
