Case #1:
1000000000000001 3 2 5 7 11 43 19 25 13
1110000000000001 3 2 5 13 7 25 65 41 11
1001000000000001 5 11 3 19 17 37 313 703 333667
1100100000000001 3 2 5 7 31 43 19 73 11
1001100000000001 3 2 5 313 7 1201 17 35 11
1010010000000001 3 2 5 7 31 25 13 41 11
1101010000000001 3 7 11 53 5 23 19 73 13
1111010000000001 5 2 3 13 17 11 47 41 79
1100110000000001 5 199 10781 47 23 11 18521 29 2399
1110110000000001 3 2 5 7 31 19 71 13 11
1101110000000001 17 2 3 313 29 107 11 193 23
1011110000000001 3 2 5 41 7 173021 80803 463 11
1100001000000001 3 2 5 13 7 11 55 25 101
1010001000000001 67 2 7 821 2083 47 557 19 107
1001001000000001 3 2 5 7 31 23 19 11 13
1111001000000001 3 2 5 6367 7 727 37 23 11
1000101000000001 7 2 59 109 73 2213 137 95971 1163
1010101000000001 3 7 13 17 5 43 19 73 49
1110101000000001 5 2 3 13 37 25 65 41 101
1101101000000001 3 2 5 7 31 17 19 73 11
1011101000000001 17 2 3 23 1297 11 241 193 73
1000011000000001 3 2 5 13 7 25 65 41 11
1110011000000001 3 2 5 587 7 3889 29 991 11
1101011000000001 5 2 3 13 37 25 65 41 101
1011011000000001 3 2 5 7 31 13 19 25 11
1010111000000001 5 2 3 13 37 25 11 41 101
1011111000000001 127 1093 7 19531 55987 17 337 107 23
1111111000000001 3 2 5 7 31 25 13 17 11
1010000100000001 3 2 5 101 7 11 113 25 23
1001000100000001 7 2 29153 1709 13 859 5 71 7187
1101000100000001 3 1061 7 9677 5 61 43 5086087 401
1000100100000001 3 2 5 7 31 43 19 73 11
1001100100000001 13 17 7 73 5 229 11 883 239417
1101100100000001 73 2 3 19 11 37 2969 23 2347
1000010100000001 79 2 89 157 349 13 107 17 359
1110010100000001 5 2 3 13 37 19 65 7 101
1001010100000001 3 7 13 49 5 43 19 73 91
1101010100000001 31 2 3 29 23 3307 137849 443 2027
1111010100000001 3 263 31 1303 431 17 7 43 131
1010110100000001 3 2 5 7 31 19 73 13 11
1101110100000001 3 5 13 7 31 43 19 73 91
1110001100000001 3 2 5 521 7 11 331 25 1657
1101001100000001 19 2 3 101 131 263 67 319747 1321
1011001100000001 3 2 5 11 7 17 107 47 1489
1100101100000001 3 2 5 79 7 101 23 15263 11
1001101100000001 3 2 5 7 31 43 19 25 11
1100011100000001 5 2 3 13 37 25 65 41 7
1010011100000001 3 2 5 59 7 193 5023 17 11
1000111100000001 3 2 5 151 7 73 31 293 11
1110111100000001 3 2 5 13 7 25 65 23 11
